# JRE version: Java(TM) SE Runtime Environment (20.0.2+9) (build 20.0.2+9-78)
# Java VM: Java HotSpot(TM) 64-Bit Server VM (20.0.2+9-78, mixed mode, sharing, tiered, compressed oops, compressed class ptrs, g1 gc, windows-amd64)
GC Precious Log:
 CardTable entry size: 512
 Card Set container configuration: InlinePtr #cards 4 size 8 Array Of Cards #cards 16 size 48 Howl #buckets 8 coarsen threshold 3686 Howl Bitmap #cards 512 size 80 coarsen threshold 460 Card regions per heap region 1 cards per card region 4096
 CPUs: 4 total, 4 available
 Memory: 16253M
 Large Page Support: Disabled
 NUMA Support: Disabled
 Compressed Oops: Enabled (Zero based)
 Heap Region Size: 2M
 Heap Min Capacity: 8M
 Heap Initial Capacity: 254M
 Heap Max Capacity: 4064M
 Pre-touch: Disabled
 Parallel Workers: 4
 Concurrent Workers: 1
 Concurrent Refinement Workers: 4
 Periodic GC: Disabled
Heap:
 garbage-first heap   total 40960K, used 14607K [0x0000000702000000, 0x0000000800000000)
  region size 2048K, 2 young (4096K), 2 survivors (4096K)
 Metaspace       used 31500K, committed 32064K, reserved 1114112K
  class space    used 3919K, committed 4160K, reserved 1048576K
GC Heap History (20 events):
Event: 1107.438 GC heap after
{Heap after GC invocations=11 (full 2):
 garbage-first heap   total 40960K, used 14347K [0x0000000702000000, 0x0000000800000000)
  region size 2048K, 1 young (2048K), 1 survivors (2048K)
 Metaspace       used 30776K, committed 31360K, reserved 1114112K
  class space    used 3910K, committed 4160K, reserved 1048576K
}
Event: 1109.912 GC heap before
{Heap before GC invocations=11 (full 2):
 garbage-first heap   total 40960K, used 14347K [0x0000000702000000, 0x0000000800000000)
  region size 2048K, 2 young (4096K), 1 survivors (2048K)
 Metaspace       used 30804K, committed 31424K, reserved 1114112K
  class space    used 3910K, committed 4160K, reserved 1048576K
}
Event: 1109.945 GC heap after
{Heap after GC invocations=12 (full 3):
 garbage-first heap   total 40960K, used 12333K [0x0000000702000000, 0x0000000800000000)
  region size 2048K, 0 young (0K), 0 survivors (0K)
 Metaspace       used 30804K, committed 31424K, reserved 1114112K
  class space    used 3910K, committed 4160K, reserved 1048576K
}
Event: 1110.324 GC heap before
{Heap before GC invocations=12 (full 3):
 garbage-first heap   total 40960K, used 30765K [0x0000000702000000, 0x0000000800000000)
  region size 2048K, 9 young (18432K), 0 survivors (0K)
 Metaspace       used 30976K, committed 31552K, reserved 1114112K
  class space    used 3912K, committed 4160K, reserved 1048576K
}
Event: 1110.326 GC heap after
{Heap after GC invocations=13 (full 3):
 garbage-first heap   total 40960K, used 14381K [0x0000000702000000, 0x0000000800000000)
  region size 2048K, 1 young (2048K), 1 survivors (2048K)
 Metaspace       used 30976K, committed 31552K, reserved 1114112K
  class space    used 3912K, committed 4160K, reserved 1048576K
}
Event: 1351.192 GC heap before
{Heap before GC invocations=13 (full 3):
 garbage-first heap   total 40960K, used 18477K [0x0000000702000000, 0x0000000800000000)
  region size 2048K, 4 young (8192K), 1 survivors (2048K)
 Metaspace       used 31023K, committed 31552K, reserved 1114112K
  class space    used 3912K, committed 4160K, reserved 1048576K
}
Event: 1351.227 GC heap after
{Heap after GC invocations=14 (full 4):
 garbage-first heap   total 40960K, used 12367K [0x0000000702000000, 0x0000000800000000)
  region size 2048K, 0 young (0K), 0 survivors (0K)
 Metaspace       used 31023K, committed 31552K, reserved 1114112K
  class space    used 3912K, committed 4160K, reserved 1048576K
}
Event: 1351.836 GC heap before
{Heap before GC invocations=14 (full 4):
 garbage-first heap   total 40960K, used 30799K [0x0000000702000000, 0x0000000800000000)
  region size 2048K, 9 young (18432K), 0 survivors (0K)
 Metaspace       used 31175K, committed 31744K, reserved 1114112K
  class space    used 3914K, committed 4160K, reserved 1048576K
}
Event: 1351.840 GC heap after
{Heap after GC invocations=15 (full 4):
 garbage-first heap   total 40960K, used 14415K [0x0000000702000000, 0x0000000800000000)
  region size 2048K, 1 young (2048K), 1 survivors (2048K)
 Metaspace       used 31175K, committed 31744K, reserved 1114112K
  class space    used 3914K, committed 4160K, reserved 1048576K
}
Event: 1355.630 GC heap before
{Heap before GC invocations=15 (full 4):
 garbage-first heap   total 40960K, used 16463K [0x0000000702000000, 0x0000000800000000)
  region size 2048K, 3 young (6144K), 1 survivors (2048K)
 Metaspace       used 31206K, committed 31808K, reserved 1114112K
  class space    used 3914K, committed 4160K, reserved 1048576K
}
Event: 1355.663 GC heap after
{Heap after GC invocations=16 (full 5):
 garbage-first heap   total 40960K, used 12405K [0x0000000702000000, 0x0000000800000000)
  region size 2048K, 0 young (0K), 0 survivors (0K)
 Metaspace       used 31206K, committed 31808K, reserved 1114112K
  class space    used 3914K, committed 4160K, reserved 1048576K
}
Event: 1356.460 GC heap before
{Heap before GC invocations=16 (full 5):
 garbage-first heap   total 40960K, used 30837K [0x0000000702000000, 0x0000000800000000)
  region size 2048K, 9 young (18432K), 0 survivors (0K)
 Metaspace       used 31323K, committed 31872K, reserved 1114112K
  class space    used 3916K, committed 4160K, reserved 1048576K
}
Event: 1356.463 GC heap after
{Heap after GC invocations=17 (full 5):
 garbage-first heap   total 40960K, used 14453K [0x0000000702000000, 0x0000000800000000)
  region size 2048K, 1 young (2048K), 1 survivors (2048K)
 Metaspace       used 31323K, committed 31872K, reserved 1114112K
  class space    used 3916K, committed 4160K, reserved 1048576K
}
Event: 1733.505 GC heap before
{Heap before GC invocations=17 (full 5):
 garbage-first heap   total 40960K, used 18549K [0x0000000702000000, 0x0000000800000000)
  region size 2048K, 4 young (8192K), 1 survivors (2048K)
 Metaspace       used 31343K, committed 31872K, reserved 1114112K
  class space    used 3916K, committed 4160K, reserved 1048576K
}
Event: 1733.538 GC heap after
{Heap after GC invocations=18 (full 6):
 garbage-first heap   total 40960K, used 12439K [0x0000000702000000, 0x0000000800000000)
  region size 2048K, 0 young (0K), 0 survivors (0K)
 Metaspace       used 31343K, committed 31872K, reserved 1114112K
  class space    used 3916K, committed 4160K, reserved 1048576K
}
Event: 1733.867 GC heap before
{Heap before GC invocations=18 (full 6):
 garbage-first heap   total 40960K, used 30871K [0x0000000702000000, 0x0000000800000000)
  region size 2048K, 9 young (18432K), 0 survivors (0K)
 Metaspace       used 31410K, committed 32000K, reserved 1114112K
  class space    used 3917K, committed 4160K, reserved 1048576K
}
Event: 1733.870 GC heap after
{Heap after GC invocations=19 (full 6):
 garbage-first heap   total 40960K, used 14427K [0x0000000702000000, 0x0000000800000000)
  region size 2048K, 1 young (2048K), 1 survivors (2048K)
 Metaspace       used 31410K, committed 32000K, reserved 1114112K
  class space    used 3917K, committed 4160K, reserved 1048576K
}
Event: 1736.733 GC heap before
{Heap before GC invocations=19 (full 6):
 garbage-first heap   total 40960K, used 14427K [0x0000000702000000, 0x0000000800000000)
  region size 2048K, 2 young (4096K), 1 survivors (2048K)
 Metaspace       used 31433K, committed 32000K, reserved 1114112K
  class space    used 3917K, committed 4160K, reserved 1048576K
}
Event: 1736.766 GC heap after
{Heap after GC invocations=20 (full 7):
 garbage-first heap   total 40960K, used 12465K [0x0000000702000000, 0x0000000800000000)
  region size 2048K, 0 young (0K), 0 survivors (0K)
 Metaspace       used 31433K, committed 32000K, reserved 1114112K
  class space    used 3917K, committed 4160K, reserved 1048576K
}
Event: 1737.567 GC heap before
{Heap before GC invocations=20 (full 7):
 garbage-first heap   total 40960K, used 30897K [0x0000000702000000, 0x0000000800000000)
  region size 2048K, 9 young (18432K), 0 survivors (0K)
 Metaspace       used 31500K, committed 32064K, reserved 1114112K
  class space    used 3919K, committed 4160K, reserved 1048576K
}

